<?xml version="1.0" encoding="UTF-8"?>
<testsuite name="Academy Choucair" tests="1" skipped="0" failures="0" errors="0" timestamp="2022-07-06T00:35:03" hostname="ALEJO" time="31.89">
  <properties/>
  <testcase name="Search for a automation course" classname="Academy Choucair" time="31.89"/>
  <system-out><![CDATA[]]></system-out>
  <system-err><![CDATA[[Test worker] WARN net.thucydides.core.steps.BaseStepListener - stepStarted: net.thucydides.core.steps.ExecutedStepDescription@62af00b8
[Test worker] WARN net.thucydides.core.steps.BaseStepListener - stepStarted: net.thucydides.core.steps.ExecutedStepDescription@5ce0fe0a
[Test worker] WARN net.thucydides.core.steps.BaseStepListener - stepStarted: net.thucydides.core.steps.ExecutedStepDescription@7b83924a
jul. 05, 2022 7:35:05 P. M. org.openqa.selenium.remote.DesiredCapabilities chrome
INFORMACIÓN: Using `new ChromeOptions()` is preferred to `DesiredCapabilities.chrome()`
[Test worker] INFO net.serenitybdd.core.webdriver.driverproviders.ProvideNewDriver - Instantiating driver
[Test worker] INFO net.serenitybdd.core.webdriver.driverproviders.ProvideNewDriver - Driver capabilities: Capabilities {acceptInsecureCerts: false, browserName: chrome, chrome.switches: --start-maximized, goog:chromeOptions: {args: [--start-maximized], extensions: []}, loggingPrefs: org.openqa.selenium.logging..., platform: ANY, version: }
Starting ChromeDriver 103.0.5060.53 (a1711811edd74ff1cf2150f36ffa3b0dae40b17f-refs/branch-heads/5060@{#853}) on port 48335
Only local connections are allowed.
Please see https://chromedriver.chromium.org/security-considerations for suggestions on keeping ChromeDriver safe.
ChromeDriver was started successfully.
jul. 05, 2022 7:35:09 P. M. org.openqa.selenium.remote.ProtocolHandshake createSession
INFORMACIÓN: Detected dialect: W3C
[Test worker] WARN net.thucydides.core.steps.BaseStepListener - stepFinished: current outcome:Search for a automation course:Given than brandon wants to learn automation at the academy Choucair
| strUser | strPassword |
| 1121967360 | Choucair2022* | [Brandon open up [Brandon opens the Choucair academy page]]
[Test worker] WARN net.thucydides.core.steps.BaseStepListener - stepFinished: current outcome:Search for a automation course:Given than brandon wants to learn automation at the academy Choucair
| strUser | strPassword |
| 1121967360 | Choucair2022* | [Brandon open up [Brandon opens the Choucair academy page]]
[Test worker] WARN net.thucydides.core.steps.BaseStepListener - stepStarted: net.thucydides.core.steps.ExecutedStepDescription@64ae2afa
[Test worker] WARN net.thucydides.core.steps.BaseStepListener - stepStarted: net.thucydides.core.steps.ExecutedStepDescription@437826cf
[Test worker] WARN net.thucydides.core.steps.BaseStepListener - stepFinished: current outcome:Search for a automation course:Given than brandon wants to learn automation at the academy Choucair
| strUser | strPassword |
| 1121967360 | Choucair2022* | [Brandon open up [Brandon opens the Choucair academy page], Brandon login [Brandon clicks on Button that show us the form to login]]
[Test worker] WARN net.thucydides.core.steps.BaseStepListener - stepStarted: net.thucydides.core.steps.ExecutedStepDescription@2717be8b
[Test worker] WARN net.thucydides.core.steps.BaseStepListener - stepFinished: current outcome:Search for a automation course:Given than brandon wants to learn automation at the academy Choucair
| strUser | strPassword |
| 1121967360 | Choucair2022* | [Brandon open up [Brandon opens the Choucair academy page], Brandon login [Brandon clicks on Button that show us the form to login, Brandon enters '1121967360' into where do we write the user]]
[Test worker] WARN net.thucydides.core.steps.BaseStepListener - stepStarted: net.thucydides.core.steps.ExecutedStepDescription@7080347b
[Test worker] WARN net.thucydides.core.steps.BaseStepListener - stepFinished: current outcome:Search for a automation course:Given than brandon wants to learn automation at the academy Choucair
| strUser | strPassword |
| 1121967360 | Choucair2022* | [Brandon open up [Brandon opens the Choucair academy page], Brandon login [Brandon clicks on Button that show us the form to login, Brandon enters '1121967360' into where do we write the user, Brandon enters 'Choucair2022*' into where do we write the password]]
[Test worker] WARN net.thucydides.core.steps.BaseStepListener - stepStarted: net.thucydides.core.steps.ExecutedStepDescription@597746b6
[Test worker] WARN net.thucydides.core.steps.BaseStepListener - stepFinished: current outcome:Search for a automation course:Given than brandon wants to learn automation at the academy Choucair
| strUser | strPassword |
| 1121967360 | Choucair2022* | [Brandon open up [Brandon opens the Choucair academy page], Brandon login [Brandon clicks on Button that show us the form to login, Brandon enters '1121967360' into where do we write the user, Brandon enters 'Choucair2022*' into where do we write the password, Brandon clicks on Button  to confirm login]]
[Test worker] WARN net.thucydides.core.steps.BaseStepListener - stepFinished: current outcome:Search for a automation course:Given than brandon wants to learn automation at the academy Choucair
| strUser | strPassword |
| 1121967360 | Choucair2022* | [Brandon open up [Brandon opens the Choucair academy page], Brandon login [Brandon clicks on Button that show us the form to login, Brandon enters '1121967360' into where do we write the user, Brandon enters 'Choucair2022*' into where do we write the password, Brandon clicks on Button  to confirm login]]
[Test worker] WARN net.thucydides.core.steps.BaseStepListener - stepFinished: current outcome:Search for a automation course:Given than brandon wants to learn automation at the academy Choucair
| strUser | strPassword |
| 1121967360 | Choucair2022* | [Brandon open up [Brandon opens the Choucair academy page], Brandon login [Brandon clicks on Button that show us the form to login, Brandon enters '1121967360' into where do we write the user, Brandon enters 'Choucair2022*' into where do we write the password, Brandon clicks on Button  to confirm login]]
[Test worker] WARN net.thucydides.core.steps.BaseStepListener - stepStarted: net.thucydides.core.steps.ExecutedStepDescription@73630780
[Test worker] WARN net.thucydides.core.steps.BaseStepListener - stepStarted: net.thucydides.core.steps.ExecutedStepDescription@5b5ddfbb
[Test worker] WARN net.thucydides.core.steps.BaseStepListener - stepStarted: net.thucydides.core.steps.ExecutedStepDescription@143c4e69
[Test worker] WARN net.thucydides.core.steps.BaseStepListener - stepFinished: current outcome:Search for a automation course:Given than brandon wants to learn automation at the academy Choucair
| strUser | strPassword |
| 1121967360 | Choucair2022* | [Brandon open up [Brandon opens the Choucair academy page], Brandon login [Brandon clicks on Button that show us the form to login, Brandon enters '1121967360' into where do we write the user, Brandon enters 'Choucair2022*' into where do we write the password, Brandon clicks on Button  to confirm login]], When he search for the course on the choucair academy platform
| strCourse |
| Pruebas de Performance | [Brandon search [Brandon clicks on Seleccionar la universidad choucair]]
[Test worker] WARN net.thucydides.core.steps.BaseStepListener - stepStarted: net.thucydides.core.steps.ExecutedStepDescription@5e9916b6
[Test worker] WARN net.thucydides.core.steps.BaseStepListener - stepFinished: current outcome:Search for a automation course:Given than brandon wants to learn automation at the academy Choucair
| strUser | strPassword |
| 1121967360 | Choucair2022* | [Brandon open up [Brandon opens the Choucair academy page], Brandon login [Brandon clicks on Button that show us the form to login, Brandon enters '1121967360' into where do we write the user, Brandon enters 'Choucair2022*' into where do we write the password, Brandon clicks on Button  to confirm login]], When he search for the course on the choucair academy platform
| strCourse |
| Pruebas de Performance | [Brandon search [Brandon clicks on Seleccionar la universidad choucair, Brandon enters 'Pruebas de Performance' into Buscar el curso]]
[Test worker] WARN net.thucydides.core.steps.BaseStepListener - stepStarted: net.thucydides.core.steps.ExecutedStepDescription@9114974
[Test worker] WARN net.thucydides.core.steps.BaseStepListener - stepFinished: current outcome:Search for a automation course:Given than brandon wants to learn automation at the academy Choucair
| strUser | strPassword |
| 1121967360 | Choucair2022* | [Brandon open up [Brandon opens the Choucair academy page], Brandon login [Brandon clicks on Button that show us the form to login, Brandon enters '1121967360' into where do we write the user, Brandon enters 'Choucair2022*' into where do we write the password, Brandon clicks on Button  to confirm login]], When he search for the course on the choucair academy platform
| strCourse |
| Pruebas de Performance | [Brandon search [Brandon clicks on Seleccionar la universidad choucair, Brandon enters 'Pruebas de Performance' into Buscar el curso, Brandon clicks on Ir al curso ingresado]]
[Test worker] WARN net.thucydides.core.steps.BaseStepListener - stepStarted: net.thucydides.core.steps.ExecutedStepDescription@17169c32
[Test worker] WARN net.thucydides.core.steps.BaseStepListener - stepFinished: current outcome:Search for a automation course:Given than brandon wants to learn automation at the academy Choucair
| strUser | strPassword |
| 1121967360 | Choucair2022* | [Brandon open up [Brandon opens the Choucair academy page], Brandon login [Brandon clicks on Button that show us the form to login, Brandon enters '1121967360' into where do we write the user, Brandon enters 'Choucair2022*' into where do we write the password, Brandon clicks on Button  to confirm login]], When he search for the course on the choucair academy platform
| strCourse |
| Pruebas de Performance | [Brandon search [Brandon clicks on Seleccionar la universidad choucair, Brandon enters 'Pruebas de Performance' into Buscar el curso, Brandon clicks on Ir al curso ingresado, Brandon clicks on Seleccion el curso]]
[Test worker] WARN net.thucydides.core.steps.BaseStepListener - stepFinished: current outcome:Search for a automation course:Given than brandon wants to learn automation at the academy Choucair
| strUser | strPassword |
| 1121967360 | Choucair2022* | [Brandon open up [Brandon opens the Choucair academy page], Brandon login [Brandon clicks on Button that show us the form to login, Brandon enters '1121967360' into where do we write the user, Brandon enters 'Choucair2022*' into where do we write the password, Brandon clicks on Button  to confirm login]], When he search for the course on the choucair academy platform
| strCourse |
| Pruebas de Performance | [Brandon search [Brandon clicks on Seleccionar la universidad choucair, Brandon enters 'Pruebas de Performance' into Buscar el curso, Brandon clicks on Ir al curso ingresado, Brandon clicks on Seleccion el curso]]
[Test worker] WARN net.thucydides.core.steps.BaseStepListener - stepFinished: current outcome:Search for a automation course:Given than brandon wants to learn automation at the academy Choucair
| strUser | strPassword |
| 1121967360 | Choucair2022* | [Brandon open up [Brandon opens the Choucair academy page], Brandon login [Brandon clicks on Button that show us the form to login, Brandon enters '1121967360' into where do we write the user, Brandon enters 'Choucair2022*' into where do we write the password, Brandon clicks on Button  to confirm login]], When he search for the course on the choucair academy platform
| strCourse |
| Pruebas de Performance | [Brandon search [Brandon clicks on Seleccionar la universidad choucair, Brandon enters 'Pruebas de Performance' into Buscar el curso, Brandon clicks on Ir al curso ingresado, Brandon clicks on Seleccion el curso]]
[Test worker] WARN net.thucydides.core.steps.BaseStepListener - stepStarted: net.thucydides.core.steps.ExecutedStepDescription@4828dc4b
[Test worker] WARN net.thucydides.core.steps.BaseStepListener - stepStarted: net.thucydides.core.steps.ExecutedStepDescription@77777826
[Test worker] WARN net.thucydides.core.steps.BaseStepListener - stepFinished: current outcome:Search for a automation course:Given than brandon wants to learn automation at the academy Choucair
| strUser | strPassword |
| 1121967360 | Choucair2022* | [Brandon open up [Brandon opens the Choucair academy page], Brandon login [Brandon clicks on Button that show us the form to login, Brandon enters '1121967360' into where do we write the user, Brandon enters 'Choucair2022*' into where do we write the password, Brandon clicks on Button  to confirm login]], When he search for the course on the choucair academy platform
| strCourse |
| Pruebas de Performance | [Brandon search [Brandon clicks on Seleccionar la universidad choucair, Brandon enters 'Pruebas de Performance' into Buscar el curso, Brandon clicks on Ir al curso ingresado, Brandon clicks on Seleccion el curso]], Then he finds the course called
| strCourse |
| Pruebas de Performance Básicas | [Then answer]
[Test worker] WARN net.thucydides.core.steps.BaseStepListener - stepFinished: current outcome:Search for a automation course:Given than brandon wants to learn automation at the academy Choucair
| strUser | strPassword |
| 1121967360 | Choucair2022* | [Brandon open up [Brandon opens the Choucair academy page], Brandon login [Brandon clicks on Button that show us the form to login, Brandon enters '1121967360' into where do we write the user, Brandon enters 'Choucair2022*' into where do we write the password, Brandon clicks on Button  to confirm login]], When he search for the course on the choucair academy platform
| strCourse |
| Pruebas de Performance | [Brandon search [Brandon clicks on Seleccionar la universidad choucair, Brandon enters 'Pruebas de Performance' into Buscar el curso, Brandon clicks on Ir al curso ingresado, Brandon clicks on Seleccion el curso]], Then he finds the course called
| strCourse |
| Pruebas de Performance Básicas | [Then answer]
[Test worker] WARN net.thucydides.core.steps.BaseStepListener - testFinished: Search for a automation course:Given than brandon wants to learn automation at the academy Choucair
| strUser | strPassword |
| 1121967360 | Choucair2022* | [Brandon open up [Brandon opens the Choucair academy page], Brandon login [Brandon clicks on Button that show us the form to login, Brandon enters '1121967360' into where do we write the user, Brandon enters 'Choucair2022*' into where do we write the password, Brandon clicks on Button  to confirm login]], When he search for the course on the choucair academy platform
| strCourse |
| Pruebas de Performance | [Brandon search [Brandon clicks on Seleccionar la universidad choucair, Brandon enters 'Pruebas de Performance' into Buscar el curso, Brandon clicks on Ir al curso ingresado, Brandon clicks on Seleccion el curso]], Then he finds the course called
| strCourse |
| Pruebas de Performance Básicas | [Then answer]
[Test worker] WARN net.thucydides.core.steps.BaseStepListener - TestOutcomes: [Search for a automation course:Given than brandon wants to learn automation at the academy Choucair
| strUser | strPassword |
| 1121967360 | Choucair2022* | [Brandon open up [Brandon opens the Choucair academy page], Brandon login [Brandon clicks on Button that show us the form to login, Brandon enters '1121967360' into where do we write the user, Brandon enters 'Choucair2022*' into where do we write the password, Brandon clicks on Button  to confirm login]], When he search for the course on the choucair academy platform
| strCourse |
| Pruebas de Performance | [Brandon search [Brandon clicks on Seleccionar la universidad choucair, Brandon enters 'Pruebas de Performance' into Buscar el curso, Brandon clicks on Ir al curso ingresado, Brandon clicks on Seleccion el curso]], Then he finds the course called
| strCourse |
| Pruebas de Performance Básicas | [Then answer]]
[Test worker] WARN net.thucydides.core.steps.BaseStepListener - Final testOutcomes: [Search for a automation course:Given than brandon wants to learn automation at the academy Choucair
| strUser | strPassword |
| 1121967360 | Choucair2022* | [Brandon open up [Brandon opens the Choucair academy page], Brandon login [Brandon clicks on Button that show us the form to login, Brandon enters '1121967360' into where do we write the user, Brandon enters 'Choucair2022*' into where do we write the password, Brandon clicks on Button  to confirm login]], When he search for the course on the choucair academy platform
| strCourse |
| Pruebas de Performance | [Brandon search [Brandon clicks on Seleccionar la universidad choucair, Brandon enters 'Pruebas de Performance' into Buscar el curso, Brandon clicks on Ir al curso ingresado, Brandon clicks on Seleccion el curso]], Then he finds the course called
| strCourse |
| Pruebas de Performance Básicas | [Then answer]]
[Test worker] INFO net.thucydides.core.steps.ConsoleLoggingListener - 
        __    _____ _____ ____ _____   ____   _    ____  ____  _____ ____  
  _     \ \  |_   _| ____/ ___|_   _| |  _ \ / \  / ___|/ ___|| ____|  _ \ 
 (_)_____| |   | | |  _| \___ \ | |   | |_) / _ \ \___ \\___ \|  _| | | | |
  _|_____| |   | | | |___ ___) || |   |  __/ ___ \ ___) |___) | |___| |_| |
 (_)     | |   |_| |_____|____/ |_|   |_| /_/   \_\____/|____/|_____|____/ 
        /_/                                                                

TEST PASSED: Search for a automation course
----------------------------------------------------------------------------
]]></system-err>
</testsuite>
